make all --print-data-base --no-builtin-variables --no-builtin-rules --question
make: *** No rule to make target 'all'.  Stop.

# GNU Make 4.2.1
# Built for x86_64-pc-linux-gnu
# Copyright (C) 1988-2016 Free Software Foundation, Inc.
# License GPLv3+: GNU GPL version 3 or later <http://gnu.org/licenses/gpl.html>
# This is free software: you are free to change and redistribute it.
# There is NO WARRANTY, to the extent permitted by law.

# Make data base, printed on Tue Aug  2 09:46:53 2022

# Variables

# 'override' directive
GNUMAKEFLAGS := 
# automatic
<D = $(patsubst %/,%,$(dir $<))
# automatic
?F = $(notdir $?)
# environment
CHEAT_USE_FZF = true
# environment
DESKTOP_SESSION = ubuntu
# default
.SHELLFLAGS := -c
# environment
THEFUCK_NO_COLORS = false
# environment
XDG_SESSION_CLASS = user
# environment
SPICETIFY_INSTALL = /home/alejandro/spicetify-cli
# environment
GOENV_ROOT = /home/alejandro/.goenv
# environment
XDG_SESSION_TYPE = x11
# environment
NVM_INC = /home/alejandro/.nvm/versions/node/v14.18.0/include/node
# automatic
?D = $(patsubst %/,%,$(dir $?))
# environment
IM_CONFIG_PHASE = 1
# environment
THEFUCK_HISTORY_LIMIT = 2000
# automatic
@D = $(patsubst %/,%,$(dir $@))
# environment
XAUTHORITY = /run/user/1000/gdm/Xauthority
# environment
GDMSESSION = ubuntu
# environment
XMODIFIERS = @im=ibus
# makefile
CURDIR := /home/alejandro/study/golang
# makefile
SHELL = /bin/sh
# environment
THEFUCK_EXCLUDE_RULES = git_pull:git_push
# environment
VTE_VERSION = 6003
# environment
PROMPT_EOL_MARK = 
# environment
VSCODE_NLS_CONFIG = {"locale":"en-us","availableLanguages":{},"_languagePackSupport":true}
# environment
_ = /usr/bin/code
# environment
POETRY_HOME = /home/alejandro/.poetry
# environment
JOURNAL_STREAM = 8:98713
# environment
XDG_CONFIG_DIRS = /etc/xdg/xdg-ubuntu:/etc/xdg
# environment
SAVEHIST = 10000
# environment
XDG_DESKTOP_DIR = /home/alejandro/Desktop
# makefile
MAKEFILE_LIST := 
# environment
JAVA_HOME = /home/alejandro/.sdkman/candidates/java/current
# automatic
@F = $(notdir $@)
# environment
ALF_RC_FILE = /home/alejandro/.alf/.alfrc
# environment
GIO_LAUNCHED_DESKTOP_FILE = /usr/share/applications/code.desktop
# environment
AWS_VAULT_PASS_PREFIX = aws-vault
# environment
USERNAME = alejandro
# environment
GOENV_SHELL = zsh
# environment
MANDATORY_PATH = /usr/share/gconf/ubuntu.mandatory.path
# environment
XDG_DATA_DIRS = /usr/share/ubuntu:/usr/local/share/:/usr/share/:/var/lib/snapd/desktop
# environment
VSCODE_AMD_ENTRYPOINT = vs/workbench/api/node/extensionHostProcess
# environment
KREW_ROOT = /home/alejandro/.config
# environment
ANSIBLE_HOSTS = /etc/ansible/hosts
# environment
DBUS_SESSION_BUS_ADDRESS = unix:path=/run/user/1000/bus
# environment
VSCODE_CLI = 1
# environment
ZSH_ALIAS_FINDER_AUTOMATIC = true
# environment
LC_CTYPE = en_US.UTF-8
# environment
SYSTEM = Linux
# environment
XDG_DOCUMENTS_DIR = /home/alejandro/Documents
# environment
MANAGERPID = 7742
# environment
LC_NAME = es_ES.UTF-8
# environment
NVM_COMPLETION = true
# environment
VSCODE_CWD = /home/alejandro/study/golang
# environment
GOPROXY = https://proxy.golang.org,direct
# environment
ANACONDA_HOME = /home/alejandro/anaconda3
# environment
XDG_TEMPLATES_DIR = /home/alejandro/Templates
# default
MAKE_HOST := x86_64-pc-linux-gnu
# environment
PATH = /home/alejandro/.goenv/versions/1.16.15/bin:/home/alejandro/.goenv:/home/alejandro/.goenv/bin:/home/alejandro/.goenv/shims:/usr/local/google-cloud-sdk/bin:/home/alejandro/.local/bin:/home/alejandro/.nvm/versions/node/v14.18.0/bin:/usr/local/cuda-11.2/bin:/home/alejandro/.tfenv/bin:/home/alejandro/spicetify-cli:/home/alejandro/.shenv/bin:/home/alejandro/.config/rustup:/home/alejandro/.config/cargo:/home/alejandro/.config/cargo/bin:/home/alejandro/bin/robo3t/bin:/home/alejandro/.local/bin/gems:/home/alejandro/.poetry/bin:/home/alejandro/.local/bin:/home/alejandro/bin:/home/alejandro/.config/node_modules:/home/alejandro/.config/node_modules/bin:/home/alejandro/.config/nvm:/home/alejandro/.minishift/cache/oc/v3.11.0/linux:/home/alejandro/.config/bin:/usr/local/go/bin:/home/alejandro/go/bin:/home/alejandro/go/bin:/home/alejandro/.goenv/bin:/home/alejandro/.arkade/bin:/home/alejandro/.local/share/zinit/plugins/laggardkernel---git-ignore/bin:/usr/local/bin:/usr/local/sbin:/home/alejandro/.goenv:/home/alejandro/.goenv/bin:/home/alejandro/.goenv/shims:/home/alejandro/.sdkman/candidates/sbt/current/bin:/home/alejandro/.sdkman/candidates/java/current/bin:/usr/local/google-cloud-sdk/bin:/home/alejandro/.local/bin:/home/alejandro/anaconda3/bin:/home/alejandro/anaconda3/condabin:/home/alejandro/.nvm/versions/node/v14.18.0/bin:/usr/local/cuda-11.2/bin:/home/alejandro/.tfenv/bin:/home/alejandro/spicetify-cli:/home/alejandro/.shenv/bin:/rustup:/cargo:/cargo/bin:/home/alejandro/bin/robo3t/bin:/home/alejandro/.local/bin/gems:/home/alejandro/.poetry/bin:/home/alejandro/bin:/node_modules:/node_modules/bin:/nvm:/home/alejandro/.minishift/cache/oc/v3.11.0/linux:/home/alejandro/.krew/bin:/usr/local/go/bin:/home/alejandro/go/bin:/home/alejandro/.arkade/bin:/home/alejandro/.local/share/zinit/plugins/direnv---direnv:/home/alejandro/.local/share/zinit/polaris/bin:/home/alejandro/.pyenv/shims:/home/alejandro/.pyenv/bin:/usr/sbin:/usr/bin:/sbin:/bin:/usr/games:/usr/local/games:/snap/bin:/home/alejandro/.local/share/JetBrains/Toolbox/scripts:/home/alejandro/.bin:/home/alejandro/.rvm/bin:/opt/nvim-linux64/bin:~/anaconda3/bin:/home/alejandro/.config/Code/User/globalStorage/ms-vscode-remote.remote-containers/cli-bin:/home/alejandro/go/1.16.15/bin:/home/alejandro/anaconda3/bin:/home/alejandro/.rvm/bin:/opt/nvim-linux64/bin:~/anaconda3/bin:/home/alejandro/.config/Code/User/globalStorage/ms-vscode-remote.remote-containers/cli-bin:/home/alejandro/go/1.16.15/bin
# environment
THEFUCK_NUM_CLOSE_MATCHES = 5
# environment
XDG_DOWNLOAD_DIR = /home/alejandro/Downloads
# environment
PURE_PROMPT_SYMBOL = λ
# environment
NVM_LAZY_LOAD = true
# environment
GPG_AGENT_INFO = /run/user/1000/gnupg/S.gpg-agent:0:1
# environment
GJS_DEBUG_OUTPUT = stderr
# environment
SESSION_MANAGER = local/xps9500:@/tmp/.ICE-unix/8654,unix/xps9500:/tmp/.ICE-unix/8654
# environment
XDG_RUNTIME_DIR = /run/user/1000
# environment
SDKMAN_DIR = /home/alejandro/.sdkman
# environment
SDKMAN_CANDIDATES_API = https://api.sdkman.io/2
# environment
LC_MESSAGES = en_US.UTF-8
# environment
GOPATH = /home/alejandro/go/1.16.15
# environment
NVM_BIN = /home/alejandro/.nvm/versions/node/v14.18.0/bin
# environment
CONDA_PREFIX = /home/alejandro/anaconda3
# environment
XDG_MENU_PREFIX = gnome-
# environment
SDKMAN_PLATFORM = linuxx64
# environment
THEFUCK_RULES = sudo:no_command
# environment
PYENV_ROOT = /home/alejandro/.pyenv
# environment
INVOCATION_ID = a227d9689c13486da520a795ccb0b44c
# default
.FEATURES := target-specific order-only second-expansion else-if shortest-stem undefine oneshell archives jobserver output-sync check-symlink load
# environment
THEFUCK_PRIORITY = no_command=9999:apt_get=100
# environment
ELECTRON_NO_ATTACH_CONSOLE = 1
# environment
XDG_SESSION_DESKTOP = ubuntu
# environment
SSH_AUTH_SOCK = /run/user/1000/keyring/ssh
# environment
GIO_LAUNCHED_DESKTOP_FILE_PID = 23389
# automatic
%F = $(notdir $%)
# environment
GOBIN = /home/alejandro/go/bin
# environment
DISPLAY = :1
# environment
CONDA_EXE = /home/alejandro/anaconda3/bin/conda
# environment
TMUX_PANE = %11
# environment
NPM_PATH = /home/alejandro/.config/node_modules
# environment
PWD = /home/alejandro/study/golang
# default
.LOADED := 
# environment
GEM_HOME = /home/alejandro/.local/bin/gems
# environment
SSH_AGENT_PID = 8617
# environment
XDG_PUBLICSHARE_DIR = /home/alejandro/Public
# environment
RUSTUP_HOME = /home/alejandro/.config/rustup
# environment
ORIGINAL_XDG_CURRENT_DESKTOP = ubuntu:GNOME
# environment
GTK_MODULES = gail:atk-bridge
# environment
GOMODCACHE = /home/alejandro/go/1.16.15/pkg/mod
# environment
HOME = /home/alejandro
# environment
LD_LIBRARY_PATH = /home/alejandro/Downloads/cuda/lib64:/usr/local/cuda-11.2/lib64:/home/alejandro/Downloads/cuda/lib64:/usr/local/cuda-11.2/lib64
# environment
BACKUP_DIR = /home/alejandro/dotfiles/backup
# environment
XDG_PICTURES_DIR = /home/alejandro/Pictures
# environment
VSCODE_CODE_CACHE_PATH = /home/alejandro/.config/Code/CachedData/3b889b090b5ad5793f524b5d1d39fda662b96a2a
# environment
TMUX_PLUGIN_MANAGER_PATH = /home/alejandro/.tmux/plugins/
# environment
LOGNAME = alejandro
# environment
APPLICATION_INSIGHTS_NO_DIAGNOSTIC_CHANNEL = 1
# environment
THEFUCK_REQUIRE_CONFIRMATION = true
# environment
CONDA_PROMPT_MODIFIER = 
# environment
NVM_CD_FLAGS = -q
# automatic
+F = $(notdir $+)
# environment
NPM_BIN = /home/alejandro/.config/node_modules/bin
# environment
VSCODE_HANDLES_UNCAUGHT_ERRORS = true
# environment
TILIX_BACKUP_DIR = /home/alejandro/dotfiles/backup/tilix
# automatic
^D = $(patsubst %/,%,$(dir $^))
# environment
HISTFILE = /home/alejandro/.history
# environment
GI_TEMPLATE = /home/alejandro/.local/share/zinit/plugins/laggardkernel---git-ignore/.git-ignore
# environment
XDG_VIDEOS_DIR = /home/alejandro/Videos
# environment
LC_TIME = en_US.UTF-8
# environment
LC_COLLATE = en_US.UTF-8
# environment
SDKMAN_VERSION = 5.15.0
# environment
COLORTERM = truecolor
# default
MAKE = $(MAKE_COMMAND)
# environment
SHENV_ROOT = /home/alejandro/.shenv
# default
MAKECMDGOALS := all
# environment
QT_IM_MODULE = ibus
# environment
SHLVL = 2
# environment
SBT_HOME = /home/alejandro/.sdkman/candidates/sbt/current
# environment
XDG_CACHE_HOME = /home/alejandro/.cache
# environment
GNOME_SHELL_SESSION_MODE = ubuntu
# default
MAKE_VERSION := 4.2.1
# environment
USER = alejandro
# environment
LC_MONETARY = en_US.UTF-8
# makefile
.DEFAULT_GOAL := 
# environment
XDG_CURRENT_DESKTOP = Unity
# environment
GOROOT = /home/alejandro/.goenv/versions/1.16.15
# environment
LIBVIRT_DEFAULT_URI = qemu:///system
# automatic
%D = $(patsubst %/,%,$(dir $%))
# environment
LC_TELEPHONE = es_ES.UTF-8
# environment
GNOME_DESKTOP_SESSION_ID = this-is-deprecated
# environment
CONDA_SHLVL = 1
# default
MAKE_COMMAND := make
# environment
ZPFX = /home/alejandro/.local/share/zinit/polaris
# environment
OLDPWD = /home/alejandro/study
# environment
ZSH_CACHE_DIR = /home/alejandro/.cache/zinit
# default
.VARIABLES := 
# environment
CONDA_DEFAULT_ENV = base
# automatic
*F = $(notdir $*)
# environment
VSCODE_IPC_HOOK = /run/user/1000/vscode-c97850c2-1.69.2-main.sock
# makefile
MAKEFLAGS = pqrR
# environment
MFLAGS = -pqrR
# automatic
*D = $(patsubst %/,%,$(dir $*))
# environment
NVM_DIR = /home/alejandro/.nvm
# environment
DOTFILES = /home/alejandro/dotfiles
# automatic
+D = $(patsubst %/,%,$(dir $+))
# environment
_FASD_DATA = /home/alejandro/.fasd.d/0
# environment
TMUX = /tmp//tmux-1000/default,24006,0
# environment
GDK_BACKEND = x11
 
# environment
LESSCHARSET = utf-8
# environment
TMUX_SESSION = 0
# environment
NO_AT_BRIDGE = 1
# environment
PROG = croc
# environment
AWS_VAULT_BACKEND = pass
# environment
MAKELEVEL := 0
# environment
QT_ACCESSIBILITY = 1
# environment
CUDA_HOME = /usr/local/cuda
# environment
ALF_ALIASES_FILE = /home/alejandro/.alf/alf
# environment
PYTHONSTARTUP = /home/alejandro/.pystartup
# environment
DEFAULTS_PATH = /usr/share/gconf/ubuntu.default.path
# environment
PMSPEC = 0uUpiPsf
# default
MAKEFILES := 
# environment
LC_NUMERIC = en_US.UTF-8
# automatic
<F = $(notdir $<)
# environment
ELECTRON_RUN_AS_NODE = 1
# automatic
^F = $(notdir $^)
# environment
LC_MEASUREMENT = es_ES.UTF-8
# environment
XDG_CONFIG_HOME = /home/alejandro/.config
# environment
SDKMAN_CANDIDATES_DIR = /home/alejandro/.sdkman/candidates
# environment
EDITOR = vim
# environment
LC_ALL = C
# environment
CONDA_CHANGEPS1 = no
# environment
CARGO_HOME = /home/alejandro/.config/cargo
# environment
VIRTUAL_ENV_DISABLE_PROMPT = 12
# environment
XDG_MUSIC_DIR = /home/alejandro/Music
# environment
CONDA_PYTHON_EXE = /home/alejandro/anaconda3/bin/python
# environment
GJS_DEBUG_TOPICS = JS ERROR;JS LOG
# environment
LC_PAPER = es_ES.UTF-8
# environment
XDG_DATA_HOME = /home/alejandro/.local/share
# default
SUFFIXES := 
# environment
HISTSIZE = 10000
# environment
_CE_M = 
# environment
CHROME_DESKTOP = code-url-handler.desktop
# environment
WINDOWPATH = 2
# default
.INCLUDE_DIRS = /usr/include /usr/local/include /usr/include
# environment
LC_IDENTIFICATION = es_ES.UTF-8
# default
.RECIPEPREFIX := 
# environment
ZSHCONFIG = /home/alejandro/.zsh-config
# environment
LC_ADDRESS = es_ES.UTF-8
# environment
PASSWORD_STORE_ENABLE_EXTENSIONS = true
# environment
TILIX_ID = 7f9c2c79-389d-4c6a-b086-04eccf31ac05
# environment
TMUXP_CONFIGDIR = /home/alejandro/.config/tmuxp
# environment
LANG = C
# environment
SCRIPTS = /home/alejandro/scripts
# environment
TERM = screen-256color
# environment
PASSWORD_STORE_EXTENSIONS_DIR = /home/alejandro/.pass_extensions
# environment
THEFUCK_WAIT_COMMAND = 10
# environment
VSCODE_PID = 14849
# environment
_CLI_ZSH_AUTOCOMPLETE_HACK = 1
# environment
_CE_CONDA = 
# variable set hash-table stats:
# Load=209/1024=20%, Rehash=0, Collisions=46/231=20%

# Pattern-specific Variable Values

# No pattern-specific variable values.

# Directories

# . (device 66315, inode 11503271): 14 files, no impossibilities.

# 14 files, no impossibilities in 1 directories.

# Implicit Rules

# No implicit rules.

# Files

# Not a target:
all:
#  Command line target.
#  Implicit rule search has been done.
#  File does not exist.
#  File has not been updated.

# Not a target:
Makefile:
#  Implicit rule search has been done.
#  File does not exist.
#  File has been updated.
#  Failed to be updated.

# Not a target:
makefile:
#  Implicit rule search has been done.
#  File does not exist.
#  File has been updated.
#  Failed to be updated.

# Not a target:
.DEFAULT:
#  Implicit rule search has not been done.
#  Modification time never checked.
#  File has not been updated.

# Not a target:
GNUmakefile:
#  Implicit rule search has been done.
#  File does not exist.
#  File has been updated.
#  Failed to be updated.

# files hash-table stats:
# Load=6/1024=1%, Rehash=0, Collisions=0/15=0%
# VPATH Search Paths

# No 'vpath' search paths.

# No general ('VPATH' variable) search path.

# strcache buffers: 1 (0) / strings = 22 / storage = 290 B / avg = 13 B
# current buf: size = 8162 B / used = 290 B / count = 22 / avg = 13 B

# strcache performance: lookups = 25 / hit rate = 12%
# hash-table stats:
# Load=22/8192=0%, Rehash=0, Collisions=1/25=4%
# Finished Make data base on Tue Aug  2 09:46:54 2022

 
