make all --print-data-base --no-builtin-variables --no-builtin-rules --question
make: *** No rule to make target 'all'.  Stop.

# GNU Make 4.2.1
# Built for x86_64-pc-linux-gnu
# Copyright (C) 1988-2016 Free Software Foundation, Inc.
# License GPLv3+: GNU GPL version 3 or later <http://gnu.org/licenses/gpl.html>
# This is free software: you are free to change and redistribute it.
# There is NO WARRANTY, to the extent permitted by law.

# Make data base, printed on Tue Jun 14 17:20:23 2022

# Variables

# 'override' directive
GNUMAKEFLAGS := 
# automatic
<D = $(patsubst %/,%,$(dir $<))
# automatic
?F = $(notdir $?)
# environment
CHEAT_USE_FZF = true
# environment
DESKTOP_SESSION = ubuntu
# default
.SHELLFLAGS := -c
# environment
THEFUCK_NO_COLORS = false
# environment
XDG_SESSION_CLASS = user
# environment
SPICETIFY_INSTALL = /home/alejandro/spicetify-cli
# environment
XDG_SESSION_TYPE = x11
# environment
VSCODE_LOG_NATIVE = false
# environment
NVM_INC = /home/alejandro/.nvm/versions/node/v14.18.0/include/node
# automatic
?D = $(patsubst %/,%,$(dir $?))
# environment
THEFUCK_HISTORY_LIMIT = 2000
# automatic
@D = $(patsubst %/,%,$(dir $@))
# environment
XAUTHORITY = /run/user/1000/gdm/Xauthority
# environment
GDMSESSION = ubuntu
# environment
XMODIFIERS = @im=ibus
# makefile
CURDIR := /home/alejandro/study/istio/istio-1.13.0
# makefile
SHELL = /bin/sh
# environment
THEFUCK_EXCLUDE_RULES = git_pull:git_push
# environment
VTE_VERSION = 6003
# environment
PROMPT_EOL_MARK = 
# environment
VSCODE_NLS_CONFIG = {"locale":"en-us","availableLanguages":{},"_languagePackSupport":true}
# environment
JOURNAL_STREAM = 8:231333
# environment
POETRY_HOME = /home/alejandro/.poetry
# environment
XDG_CONFIG_DIRS = /etc/xdg/xdg-ubuntu:/etc/xdg
# environment
SAVEHIST = 10000
# environment
XDG_DESKTOP_DIR = /home/alejandro/Desktop
# makefile
MAKEFILE_LIST := 
# automatic
@F = $(notdir $@)
# environment
ALF_RC_FILE = /home/alejandro/.alf/.alfrc
# environment
IM_CONFIG_PHASE = 1
# environment
AWS_VAULT_PASS_PREFIX = aws-vault
# environment
USERNAME = alejandro
# environment
MAKELEVEL := 0
# environment
MANDATORY_PATH = /usr/share/gconf/ubuntu.mandatory.path
# environment
XDG_DATA_DIRS = /usr/share/ubuntu:/usr/local/share/:/usr/share/:/var/lib/snapd/desktop
# environment
KREW_ROOT = /home/alejandro/.config/.krew
# environment
ANSIBLE_HOSTS = /etc/ansible/hosts
# environment
DBUS_SESSION_BUS_ADDRESS = unix:path=/run/user/1000/bus,guid=cf1c198d2af037e47bdd0529629ee362
# environment
VSCODE_VERBOSE_LOGGING = true
# environment
VSCODE_CLI = 1
# environment
_ = /usr/bin/code
# environment
ZSH_ALIAS_FINDER_AUTOMATIC = true
# environment
SYSTEM = Linux
# environment
XDG_DOCUMENTS_DIR = /home/alejandro/Documents
# environment
MANAGERPID = 28701
# environment
VSCODE_IPC_HOOK_EXTHOST = /run/user/1000/vscode-ipc-1ceb9e51-cef0-491d-96b6-aec9bdbd1a04.sock
# environment
LC_NAME = es_ES.UTF-8
# environment
NVM_COMPLETION = true
# environment
VSCODE_CWD = /home/alejandro/study/istio
# environment
ANACONDA_HOME = /home/alejandro/anaconda3
# environment
XDG_TEMPLATES_DIR = /home/alejandro/Templates
# default
MAKE_HOST := x86_64-pc-linux-gnu
# environment
PATH = /home/alejandro/.local/bin:/home/alejandro/.nvm/versions/node/v14.18.0/bin:/home/alejandro/.tfenv/bin:/home/alejandro/spicetify-cli:/home/alejandro/.shenv/bin:/home/alejandro/.config/rustup:/home/alejandro/.config/cargo:/home/alejandro/.config/cargo/bin:/home/alejandro/bin/robo3t/bin:/home/alejandro/.local/bin/gems:/home/alejandro/.poetry/bin:/home/alejandro/.local/bin:/home/alejandro/bin:/home/alejandro/.config/node_modules:/home/alejandro/.config/node_modules/bin:/home/alejandro/.config/nvm:/home/alejandro/.minishift/cache/oc/v3.11.0/linux:/home/alejandro/.config/.krew/bin:/usr/local/go/bin:/home/alejandro/go/bin:/home/alejandro/.arkade/bin:/home/alejandro/.zinit/plugins/laggardkernel---git-ignore/bin:/home/alejandro/.local/bin:/home/alejandro/.nvm/versions/node/v14.18.0/bin:/home/alejandro/.tfenv/bin:/home/alejandro/spicetify-cli:/home/alejandro/.shenv/bin:/home/alejandro/.config/rustup:/home/alejandro/.config/cargo:/home/alejandro/.config/cargo/bin:/home/alejandro/bin/robo3t/bin:/home/alejandro/.local/bin/gems:/home/alejandro/.poetry/bin:/home/alejandro/.local/bin:/home/alejandro/bin:/home/alejandro/.config/node_modules:/home/alejandro/.config/node_modules/bin:/home/alejandro/.config/nvm:/home/alejandro/.minishift/cache/oc/v3.11.0/linux:/home/alejandro/.config/.krew/bin:/usr/local/go/bin:/home/alejandro/go/bin:/home/alejandro/.arkade/bin:/home/alejandro/.zinit/plugins/laggardkernel---git-ignore/bin:/usr/local/bin:/usr/local/sbin:/home/alejandro/.local/bin:/home/alejandro/anaconda3/bin:/home/alejandro/anaconda3/condabin:/home/alejandro/.nvm/versions/node/v14.18.0/bin:/home/alejandro/.tfenv/bin:/home/alejandro/spicetify-cli:/home/alejandro/.shenv/bin:/rustup:/cargo:/cargo/bin:/home/alejandro/bin/robo3t/bin:/home/alejandro/.local/bin/gems:/home/alejandro/.poetry/bin:/home/alejandro/bin:/node_modules:/node_modules/bin:/home/alejandro/.config/nvm:/home/alejandro/.minishift/cache/oc/v3.11.0/linux:/.krew/bin:/usr/local/go/bin:/home/alejandro/go/bin:/home/alejandro/.arkade/bin:/home/alejandro/.zinit/plugins/direnv---direnv:/home/alejandro/.zinit/polaris/bin:/home/alejandro/.pyenv/shims:/home/alejandro/.pyenv/bin:/usr/sbin:/usr/bin:/sbin:/bin:/usr/games:/usr/local/games:/snap/bin:/home/alejandro/.bin:/home/alejandro/.rvm/bin:/opt/nvim-linux64/bin:~/anaconda3/bin:/home/alejandro/.config/Code/User/globalStorage/ms-vscode-remote.remote-containers/cli-bin:/home/alejandro/anaconda3/bin:/home/alejandro/.rvm/bin:/opt/nvim-linux64/bin:~/anaconda3/bin:/home/alejandro/.config/Code/User/globalStorage/ms-vscode-remote.remote-containers/cli-bin:/home/alejandro/.bin:/home/alejandro/anaconda3/bin:/home/alejandro/.rvm/bin:/opt/nvim-linux64/bin:~/anaconda3/bin:/home/alejandro/.config/Code/User/globalStorage/ms-vscode-remote.remote-containers/cli-bin
# environment
THEFUCK_NUM_CLOSE_MATCHES = 5
# environment
XDG_DOWNLOAD_DIR = /home/alejandro/Downloads
# environment
PURE_PROMPT_SYMBOL = λ
# environment
NVM_LAZY_LOAD = true
# environment
GPG_AGENT_INFO = /run/user/1000/gnupg/S.gpg-agent:0:1
# environment
SESSION_MANAGER = local/xps9500:@/tmp/.ICE-unix/29106,unix/xps9500:/tmp/.ICE-unix/29106
# environment
XDG_RUNTIME_DIR = /run/user/1000
# environment
LC_MONETARY = en_US.UTF-8
# environment
LC_MESSAGES = en_US.UTF-8
# environment
GOPATH = /home/alejandro/go
# environment
NVM_BIN = /home/alejandro/.nvm/versions/node/v14.18.0/bin
# environment
CONDA_PREFIX = /home/alejandro/anaconda3
# environment
XDG_MENU_PREFIX = gnome-
# environment
VSCODE_LOG_STACK = false
# environment
THEFUCK_RULES = sudo:no_command
# environment
PYENV_ROOT = /home/alejandro/.pyenv
# environment
INVOCATION_ID = fa3b5709ca0f47bcb017bed8ec68452b
# default
.FEATURES := target-specific order-only second-expansion else-if shortest-stem undefine oneshell archives jobserver output-sync check-symlink load
# environment
THEFUCK_PRIORITY = no_command=9999:apt_get=100
# environment
ELECTRON_NO_ATTACH_CONSOLE = 1
# environment
XDG_SESSION_DESKTOP = ubuntu
# environment
SSH_AUTH_SOCK = /run/user/1000/keyring/ssh
# automatic
%F = $(notdir $%)
# environment
GOBIN = /home/alejandro/go/bin
# environment
DISPLAY = :1
# environment
CONDA_EXE = /home/alejandro/anaconda3/bin/conda
# environment
TMUX_PANE = %18
# environment
NPM_PATH = /home/alejandro/.config/node_modules
# environment
VSCODE_PIPE_LOGGING = true
# environment
PWD = /home/alejandro/study/istio/istio-1.13.0
# default
.LOADED := 
# environment
GEM_HOME = /home/alejandro/.local/bin/gems
# environment
SSH_AGENT_PID = 29069
# environment
XDG_PUBLICSHARE_DIR = /home/alejandro/Public
# environment
RUSTUP_HOME = /home/alejandro/.config/rustup
# environment
ORIGINAL_XDG_CURRENT_DESKTOP = ubuntu:GNOME
# environment
GTK_MODULES = gail:atk-bridge
# environment
VSCODE_AMD_ENTRYPOINT = vs/workbench/api/node/extensionHostProcess
# environment
HOME = /home/alejandro
# environment
XDG_CACHE_HOME = /home/alejandro/.config/cache
# environment
BACKUP_DIR = /home/alejandro/dotfiles/backup
# environment
XDG_PICTURES_DIR = /home/alejandro/Pictures
# environment
VSCODE_CODE_CACHE_PATH = /home/alejandro/.config/Code/CachedData/c3511e6c69bb39013c4a4b7b9566ec1ca73fc4d5
# environment
TMUX_PLUGIN_MANAGER_PATH = /home/alejandro/.tmux/plugins/
# environment
LOGNAME = alejandro
# environment
APPLICATION_INSIGHTS_NO_DIAGNOSTIC_CHANNEL = true
# environment
THEFUCK_REQUIRE_CONFIRMATION = true
# environment
CONDA_PROMPT_MODIFIER = 
# environment
NVM_CD_FLAGS = -q
# automatic
+F = $(notdir $+)
# environment
NPM_BIN = /home/alejandro/.config/node_modules/bin
# environment
VSCODE_HANDLES_UNCAUGHT_ERRORS = true
# environment
TILIX_BACKUP_DIR = /home/alejandro/dotfiles/backup/tilix
# automatic
^D = $(patsubst %/,%,$(dir $^))
# environment
HISTFILE = /home/alejandro/.history
# environment
GI_TEMPLATE = /home/alejandro/.zinit/plugins/laggardkernel---git-ignore/.git-ignore
# environment
XDG_VIDEOS_DIR = /home/alejandro/Videos
# environment
LC_TIME = en_US.UTF-8
# environment
LC_COLLATE = en_US.UTF-8
# environment
COLORTERM = truecolor
# default
MAKE = $(MAKE_COMMAND)
# environment
SHENV_ROOT = /home/alejandro/.shenv
# default
MAKECMDGOALS := all
# environment
QT_IM_MODULE = ibus
# environment
SHLVL = 2
# environment
GNOME_SHELL_SESSION_MODE = ubuntu
# default
MAKE_VERSION := 4.2.1
# environment
USER = alejandro
# environment
LC_CTYPE = en_US.UTF-8
# makefile
.DEFAULT_GOAL := 
# environment
XDG_CURRENT_DESKTOP = Unity
# environment
GOROOT = /usr/local/go
# environment
LIBVIRT_DEFAULT_URI = qemu:///system
# automatic
%D = $(patsubst %/,%,$(dir $%))
# environment
LC_TELEPHONE = es_ES.UTF-8
# environment
GNOME_DESKTOP_SESSION_ID = this-is-deprecated
# environment
CONDA_SHLVL = 1
# default
MAKE_COMMAND := make
# environment
ZPFX = /home/alejandro/.zinit/polaris
# environment
OLDPWD = /home/alejandro/.zinit/plugins/zdharma---fast-syntax-highlighting
# environment
ZSH_CACHE_DIR = /home/alejandro/.cache/zinit
# default
.VARIABLES := 
# environment
CONDA_DEFAULT_ENV = base
# automatic
*F = $(notdir $*)
# environment
VSCODE_IPC_HOOK = /run/user/1000/vscode-c97850c2-1.67.2-main.sock
# makefile
MAKEFLAGS = pqrR
# environment
MFLAGS = -pqrR
# automatic
*D = $(patsubst %/,%,$(dir $*))
# environment
NVM_DIR = /home/alejandro/.nvm
# environment
DOTFILES = /home/alejandro/dotfiles
# automatic
+D = $(patsubst %/,%,$(dir $+))
# environment
_FASD_DATA = /home/alejandro/.fasd.d/8
# environment
TMUX = /tmp//tmux-1000/default,508148,7
 
# environment
GDK_BACKEND = x11
# environment
LESSCHARSET = utf-8
# environment
TMUX_SESSION = 8
# environment
PROG = croc
# environment
AWS_VAULT_BACKEND = pass
# environment
QT_ACCESSIBILITY = 1
# environment
ALF_ALIASES_FILE = /home/alejandro/.alf/alf
# environment
PYTHONSTARTUP = /home/alejandro/.pystartup
# environment
DEFAULTS_PATH = /usr/share/gconf/ubuntu.default.path
# environment
PMSPEC = 0uUpiPsf
# default
MAKEFILES := 
# environment
LC_NUMERIC = en_US.UTF-8
# automatic
<F = $(notdir $<)
# environment
ELECTRON_RUN_AS_NODE = 1
# automatic
^F = $(notdir $^)
# environment
LC_MEASUREMENT = es_ES.UTF-8
# environment
XDG_CONFIG_HOME = /home/alejandro/.config
# environment
EDITOR = vim
# environment
LC_ALL = C
# environment
CONDA_CHANGEPS1 = no
# environment
CARGO_HOME = /home/alejandro/.config/cargo
# environment
VIRTUAL_ENV_DISABLE_PROMPT = 12
# environment
DBUS_STARTER_BUS_TYPE = session
# environment
XDG_MUSIC_DIR = /home/alejandro/Music
# environment
CONDA_PYTHON_EXE = /home/alejandro/anaconda3/bin/python
# environment
LC_PAPER = es_ES.UTF-8
# environment
XDG_DATA_HOME = /home/alejandro/.config/local/share
# default
SUFFIXES := 
# environment
HISTSIZE = 10000
# environment
_CE_M = 
# environment
CHROME_DESKTOP = code-url-handler.desktop
# environment
WINDOWPATH = 2
# default
.INCLUDE_DIRS = /usr/include /usr/local/include /usr/include
# environment
LC_IDENTIFICATION = es_ES.UTF-8
# default
.RECIPEPREFIX := 
# environment
ZSHCONFIG = /home/alejandro/.zsh-config
# environment
LC_ADDRESS = es_ES.UTF-8
# environment
PASSWORD_STORE_ENABLE_EXTENSIONS = true
# environment
TILIX_ID = 7ac8ef23-39b5-4d5d-a211-a16a0eb643f8
# environment
TMUXP_CONFIGDIR = /home/alejandro/.config/tmuxp
# environment
LANG = C
# environment
SCRIPTS = /home/alejandro/scripts
# environment
TERM = screen-256color
# environment
PASSWORD_STORE_EXTENSIONS_DIR = /home/alejandro/.pass_extensions
# environment
THEFUCK_WAIT_COMMAND = 10
# environment
VSCODE_PID = 3817288
# environment
_CLI_ZSH_AUTOCOMPLETE_HACK = 1
# environment
DBUS_STARTER_ADDRESS = unix:path=/run/user/1000/bus,guid=cf1c198d2af037e47bdd0529629ee362
# environment
_CE_CONDA = 
# variable set hash-table stats:
# Load=198/1024=19%, Rehash=0, Collisions=38/220=17%

# Pattern-specific Variable Values

# No pattern-specific variable values.

# Directories

# . (device 66315, inode 405785965): 10 files, no impossibilities.

# 10 files, no impossibilities in 1 directories.

# Implicit Rules

# No implicit rules.

# Files

# Not a target:
all:
#  Command line target.
#  Implicit rule search has been done.
#  File does not exist.
#  File has not been updated.

# Not a target:
Makefile:
#  Implicit rule search has been done.
#  File does not exist.
#  File has been updated.
#  Failed to be updated.

# Not a target:
makefile:
#  Implicit rule search has been done.
#  File does not exist.
#  File has been updated.
#  Failed to be updated.

# Not a target:
.DEFAULT:
#  Implicit rule search has not been done.
#  Modification time never checked.
#  File has not been updated.

# Not a target:
GNUmakefile:
#  Implicit rule search has been done.
#  File does not exist.
#  File has been updated.
#  Failed to be updated.

# files hash-table stats:
# Load=6/1024=1%, Rehash=0, Collisions=0/15=0%
# VPATH Search Paths

# No 'vpath' search paths.

# No general ('VPATH' variable) search path.

# strcache buffers: 1 (0) / strings = 18 / storage = 158 B / avg = 8 B
# current buf: size = 8162 B / used = 158 B / count = 18 / avg = 8 B

# strcache performance: lookups = 21 / hit rate = 14%
# hash-table stats:
# Load=18/8192=0%, Rehash=0, Collisions=1/21=5%
# Finished Make data base on Tue Jun 14 17:20:23 2022

 
